Determining if the pthread_create exist failed with the following output:
Change Dir: /home/kingf/Desktop/gfdg/CMakeFiles/CMakeTmp

Run Build Command:"/usr/bin/make" "cmTC_b0243/fast"
/usr/bin/make -f CMakeFiles/cmTC_b0243.dir/build.make CMakeFiles/cmTC_b0243.dir/build
make[1]: Entering directory '/home/kingf/Desktop/gfdg/CMakeFiles/CMakeTmp'
Building C object CMakeFiles/cmTC_b0243.dir/CheckSymbolExists.c.o
/usr/bin/cc    -std=gnu99 -fPIC    -o CMakeFiles/cmTC_b0243.dir/CheckSymbolExists.c.o   -c /home/kingf/Desktop/gfdg/CMakeFiles/CMakeTmp/CheckSymbolExists.c
Linking C executable cmTC_b0243
/usr/bin/cmake -E cmake_link_script CMakeFiles/cmTC_b0243.dir/link.txt --verbose=1
/usr/bin/cc   -std=gnu99 -fPIC     CMakeFiles/cmTC_b0243.dir/CheckSymbolExists.c.o  -o cmTC_b0243 -rdynamic 
CMakeFiles/cmTC_b0243.dir/CheckSymbolExists.c.o: In function `main':
CheckSymbolExists.c:(.text+0x1b): undefined reference to `pthread_create'
collect2: error: ld returned 1 exit status
CMakeFiles/cmTC_b0243.dir/build.make:97: recipe for target 'cmTC_b0243' failed
make[1]: *** [cmTC_b0243] Error 1
make[1]: Leaving directory '/home/kingf/Desktop/gfdg/CMakeFiles/CMakeTmp'
Makefile:126: recipe for target 'cmTC_b0243/fast' failed
make: *** [cmTC_b0243/fast] Error 2

File /home/kingf/Desktop/gfdg/CMakeFiles/CMakeTmp/CheckSymbolExists.c:
/* */
#include <pthread.h>

int main(int argc, char** argv)
{
  (void)argv;
#ifndef pthread_create
  return ((int*)(&pthread_create))[argc];
#else
  (void)argc;
  return 0;
#endif
}

Determining if the function pthread_create exists in the pthreads failed with the following output:
Change Dir: /home/kingf/Desktop/gfdg/CMakeFiles/CMakeTmp

Run Build Command:"/usr/bin/make" "cmTC_a3c8c/fast"
/usr/bin/make -f CMakeFiles/cmTC_a3c8c.dir/build.make CMakeFiles/cmTC_a3c8c.dir/build
make[1]: Entering directory '/home/kingf/Desktop/gfdg/CMakeFiles/CMakeTmp'
Building C object CMakeFiles/cmTC_a3c8c.dir/CheckFunctionExists.c.o
/usr/bin/cc    -std=gnu99 -fPIC -DCHECK_FUNCTION_EXISTS=pthread_create   -o CMakeFiles/cmTC_a3c8c.dir/CheckFunctionExists.c.o   -c /usr/share/cmake-3.5/Modules/CheckFunctionExists.c
Linking C executable cmTC_a3c8c
/usr/bin/cmake -E cmake_link_script CMakeFiles/cmTC_a3c8c.dir/link.txt --verbose=1
/usr/bin/cc   -std=gnu99 -fPIC -DCHECK_FUNCTION_EXISTS=pthread_create    CMakeFiles/cmTC_a3c8c.dir/CheckFunctionExists.c.o  -o cmTC_a3c8c -rdynamic -lpthreads 
/usr/bin/ld: cannot find -lpthreads
collect2: error: ld returned 1 exit status
CMakeFiles/cmTC_a3c8c.dir/build.make:97: recipe for target 'cmTC_a3c8c' failed
make[1]: *** [cmTC_a3c8c] Error 1
make[1]: Leaving directory '/home/kingf/Desktop/gfdg/CMakeFiles/CMakeTmp'
Makefile:126: recipe for target 'cmTC_a3c8c/fast' failed
make: *** [cmTC_a3c8c/fast] Error 2


